
The following have been reloaded with a version change:
  1) GCCcore/13.3.0 => GCCcore/12.2.0
  2) UCX/1.16.0-GCCcore-13.3.0 => UCX/1.13.1-GCCcore-12.2.0
  3) binutils/2.42-GCCcore-13.3.0 => binutils/2.39-GCCcore-12.2.0
  4) numactl/2.0.18-GCCcore-13.3.0 => numactl/2.0.16-GCCcore-12.2.0
  5) zlib/1.3.1-GCCcore-13.3.0 => zlib/1.2.12-GCCcore-12.2.0


The following have been reloaded with a version change:
  1) GCC/12.2.0 => GCC/11.2.0
  2) GCCcore/12.2.0 => GCCcore/11.2.0
  3) OpenMPI/4.1.4-GCC-12.2.0 => OpenMPI/4.1.1-GCC-11.2.0
  4) PMIx/4.2.2-GCCcore-12.2.0 => PMIx/4.1.0-GCCcore-11.2.0
  5) UCX/1.13.1-GCCcore-12.2.0 => UCX/1.11.2-GCCcore-11.2.0
  6) XZ/5.2.7-GCCcore-12.2.0 => XZ/5.2.5-GCCcore-11.2.0
  7) binutils/2.39-GCCcore-12.2.0 => binutils/2.37-GCCcore-11.2.0
  8) hwloc/2.8.0-GCCcore-12.2.0 => hwloc/2.5.0-GCCcore-11.2.0
  9) libevent/2.1.12-GCCcore-12.2.0 => libevent/2.1.12-GCCcore-11.2.0
 10) libfabric/1.16.1-GCCcore-12.2.0 => libfabric/1.13.2-GCCcore-11.2.0
 11) libpciaccess/0.17-GCCcore-12.2.0 => libpciaccess/0.16-GCCcore-11.2.0
 12) libxml2/2.10.3-GCCcore-12.2.0 => libxml2/2.9.10-GCCcore-11.2.0
 13) numactl/2.0.16-GCCcore-12.2.0 => numactl/2.0.14-GCCcore-11.2.0
 14) zlib/1.2.12-GCCcore-12.2.0 => zlib/1.2.11-GCCcore-11.2.0

           :-) GROMACS - gmx convert-tpr, 2021.5-EasyBuild-4.7.1 (-:

                            GROMACS is written by:
     Andrey Alekseenko              Emile Apol              Rossen Apostolov     
         Paul Bauer           Herman J.C. Berendsen           Par Bjelkmar       
       Christian Blau           Viacheslav Bolnykh             Kevin Boyd        
     Aldert van Buuren           Rudi van Drunen             Anton Feenstra      
    Gilles Gouaillardet             Alan Gray               Gerrit Groenhof      
       Anca Hamuraru            Vincent Hindriksen          M. Eric Irrgang      
      Aleksei Iupinov           Christoph Junghans             Joe Jordan        
    Dimitrios Karkoulis            Peter Kasson                Jiri Kraus        
      Carsten Kutzner              Per Larsson              Justin A. Lemkul     
       Viveca Lindahl            Magnus Lundborg             Erik Marklund       
        Pascal Merz             Pieter Meulenhoff            Teemu Murtola       
        Szilard Pall               Sander Pronk              Roland Schulz       
       Michael Shirts            Alexey Shvetsov             Alfons Sijbers      
       Peter Tieleman              Jon Vincent              Teemu Virolainen     
     Christian Wennberg            Maarten Wolf              Artem Zhmurov       
                           and the project leaders:
        Mark Abraham, Berk Hess, Erik Lindahl, and David van der Spoel

Copyright (c) 1991-2000, University of Groningen, The Netherlands.
Copyright (c) 2001-2019, The GROMACS development team at
Uppsala University, Stockholm University and
the Royal Institute of Technology, Sweden.
check out http://www.gromacs.org for more information.

GROMACS is free software; you can redistribute it and/or modify it
under the terms of the GNU Lesser General Public License
as published by the Free Software Foundation; either version 2.1
of the License, or (at your option) any later version.

GROMACS:      gmx convert-tpr, version 2021.5-EasyBuild-4.7.1
Executable:   /media/apps/avx512-2021/software/GROMACS/2021.5-foss-2021b/bin/gmx
Data prefix:  /media/apps/avx512-2021/software/GROMACS/2021.5-foss-2021b
Working dir:  /media/beegfs/home/r727/SCRATCH/miguelcores/mmc_4265_325_1
Command line:
  gmx convert-tpr -s mmc_4265_325K.tpr -until 500000 -o mmc_4265_325K.tpr

Reading file mmc_4265_325K.tpr, VERSION 2021.5-EasyBuild-4.7.1 (single precision)

GROMACS reminds you: "Load Up Your Rubber Bullets" (10 CC)

Input file:
  Run start step                                     0     
  Run start time                                     0 ps  
  Step to be made during run                 100000000     
  Runtime for the run                           200000 ps  
  Run end step                               100000000     
  Run end time                                  200000 ps  

Extending remaining runtime to 500000 ps

Output file:
  Run start step                                     0     
  Run start time                                     0 ps  
  Step to be made during run                 250000000     
  Runtime for the run                           500000 ps  
  Run end step                               250000000     
  Run end time                                  500000 ps  

              :-) GROMACS - gmx mdrun, 2021.5-EasyBuild-4.7.1 (-:

                            GROMACS is written by:
     Andrey Alekseenko              Emile Apol              Rossen Apostolov     
         Paul Bauer           Herman J.C. Berendsen           Par Bjelkmar       
       Christian Blau           Viacheslav Bolnykh             Kevin Boyd        
     Aldert van Buuren           Rudi van Drunen             Anton Feenstra      
    Gilles Gouaillardet             Alan Gray               Gerrit Groenhof      
       Anca Hamuraru            Vincent Hindriksen          M. Eric Irrgang      
      Aleksei Iupinov           Christoph Junghans             Joe Jordan        
    Dimitrios Karkoulis            Peter Kasson                Jiri Kraus        
      Carsten Kutzner              Per Larsson              Justin A. Lemkul     
       Viveca Lindahl            Magnus Lundborg             Erik Marklund       
        Pascal Merz             Pieter Meulenhoff            Teemu Murtola       
        Szilard Pall               Sander Pronk              Roland Schulz       
       Michael Shirts            Alexey Shvetsov             Alfons Sijbers      
       Peter Tieleman              Jon Vincent              Teemu Virolainen     
     Christian Wennberg            Maarten Wolf              Artem Zhmurov       
                           and the project leaders:
        Mark Abraham, Berk Hess, Erik Lindahl, and David van der Spoel

Copyright (c) 1991-2000, University of Groningen, The Netherlands.
Copyright (c) 2001-2019, The GROMACS development team at
Uppsala University, Stockholm University and
the Royal Institute of Technology, Sweden.
check out http://www.gromacs.org for more information.

GROMACS is free software; you can redistribute it and/or modify it
under the terms of the GNU Lesser General Public License
as published by the Free Software Foundation; either version 2.1
of the License, or (at your option) any later version.

GROMACS:      gmx mdrun, version 2021.5-EasyBuild-4.7.1
Executable:   /media/apps/avx512-2021/software/GROMACS/2021.5-foss-2021b/bin/gmx_mpi
Data prefix:  /media/apps/avx512-2021/software/GROMACS/2021.5-foss-2021b
Working dir:  /media/beegfs/home/r727/SCRATCH/miguelcores/mmc_4265_325_1
Command line:
  gmx_mpi mdrun -deffnm mmc_4265_325K -cpi mmc_4265_325K.cpt -noappend

Reading file mmc_4265_325K.tpr, VERSION 2021.5-EasyBuild-4.7.1 (single precision)
Changing nstlist from 10 to 50, rlist from 1 to 1.119

Using 24 MPI processes

Non-default thread affinity set, disabling internal thread affinity

Using 2 OpenMP threads per MPI process


WARNING: This run will generate roughly 11109 Mb of data

starting mdrun 'X2IT Molecule Solvated in SPC Water'
250000000 steps, 500000.0 ps (continuing from step 94372700, 188745.4 ps).

Writing final coordinates.


Dynamic load balancing report:
 DLB got disabled because it was unsuitable to use.
 Average load imbalance: 3.4%.
 The balanceable part of the MD step is 79%, load imbalance is computed from this.
 Part of the total run time spent waiting due to load imbalance: 2.7%.
 Average PME mesh/force load: 0.935
 Part of the total run time spent waiting due to PP/PME imbalance: 1.2 %


               Core t (s)   Wall t (s)        (%)
       Time:  6901830.643   143788.143     4800.0
                         1d15h56:28
                 (ns/day)    (hour/ns)
Performance:      187.028        0.128

GROMACS reminds you: "I have noticed a large, negative correlation between having a well-defined mission workload and concern for the Top500. It's almost like LINPACK is what you focus on when you don't know what to focus on." (Jeff Hammond)

